\BOOKMARK [0][-]{chapter.1}{\376\377\000\332\000v\000o\000d}{}% 1
\BOOKMARK [0][-]{chapter.2}{\376\377\000T\000e\000s\000t\000o\000v\000a\000n\000i\000e\000\040\000s\000o\000f\000t\000w\000a\000r\000u}{}% 2
\BOOKMARK [1][-]{section.2.1}{\376\377\000\332\000r\000o\000v\000n\000e\000\040\000t\000e\000s\000t\000o\000v\000a\000n\000i\000a}{chapter.2}% 3
\BOOKMARK [1][-]{section.2.2}{\376\377\000D\000y\000n\000a\000m\000i\000c\000k\000\351\000\040\000t\000e\000s\000t\000o\000v\000a\000n\000i\000e}{chapter.2}% 4
\BOOKMARK [1][-]{section.2.3}{\376\377\000T\000e\000s\000t\000o\000v\000a\000n\000i\000e\000\040\000z\000a\000l\000o\001\176\000e\000n\000\351\000\040\000n\000a\000\040\000d\000\341\000t\000a\000c\000h}{chapter.2}% 5
\BOOKMARK [1][-]{section.2.4}{\376\377\000E\000d\000i\000t\000\341\000c\000i\000a\000\040\000a\000\040\000u\000l\000o\001\176\000e\000n\000i\000e\000\040\000t\000e\000s\000t\000o\000v\000a\000c\000\355\000c\000h\000\040\000d\000\341\000t}{chapter.2}% 6
\BOOKMARK [1][-]{section.2.5}{\376\377\000R\000o\000z\000d\000e\000l\000e\000n\000i\000e\000\040\000v\000s\000t\000u\000p\000n\000\375\000c\000h\000\040\000d\000o\000m\000\351\000n\000\040\000n\000a\000\040\000e\000k\000v\000i\000v\000a\000l\000e\000n\001\015\000n\000\351\000\040\000t\000r\000i\000e\000d\000y}{chapter.2}% 7
\BOOKMARK [1][-]{section.2.6}{\376\377\000R\000o\000z\000h\000o\000d\000o\000v\000a\000c\000i\000a\000\040\000t\000a\000b\000u\001\076\000k\000a}{chapter.2}% 8
\BOOKMARK [1][-]{section.2.7}{\376\377\000C\000a\000u\000s\000e\000\040\000e\000f\000f\000e\000c\000t\000\040\000g\000r\000a\000p\000h}{chapter.2}% 9
\BOOKMARK [1][-]{section.2.8}{\376\377\000T\000e\000s\000t\000o\000v\000a\000n\000i\000e\000\040\000z\000a\000l\000o\001\176\000e\000n\000\351\000\040\000n\000a\000\040\000d\000\341\000t\000a\000c\000h}{chapter.2}% 10
\BOOKMARK [1][-]{section.2.9}{\376\377\000G\000e\000n\000e\000r\000o\000v\000a\000n\000i\000e\000\040\000t\000e\000s\000t\000o\000v\000a\000c\000\355\000c\000h\000\040\000d\000\341\000t}{chapter.2}% 11
\BOOKMARK [0][-]{chapter.3}{\376\377\000S\000t\000r\000o\000m\000o\000v\000\351\000\040\001\141\000t\000r\000u\000k\000t\000\372\000r\000y}{}% 12
\BOOKMARK [1][-]{section.3.1}{\376\377\000G\000r\000a\000f\000o\000v\000\341\000\040\000r\000e\000p\000r\000e\000z\000e\000n\000t\000\341\000c\000i\000a}{chapter.3}% 13
\BOOKMARK [1][-]{section.3.2}{\376\377\000P\000o\000r\000o\000v\000n\000\341\000v\000a\000n\000i\000e\000\040\000d\000\341\000t}{chapter.3}% 14
\BOOKMARK [1][-]{section.3.3}{\376\377\000P\000r\000e\000h\001\076\000a\000d\000\040\000p\000o\000u\001\176\000\355\000v\000a\000n\000\375\000c\000h\000\040\000f\000o\000r\000m\000\341\000t\000o\000v}{chapter.3}% 15
\BOOKMARK [1][-]{section.3.4}{\376\377\000P\000r\000o\000b\000l\000\351\000m\000\040\000g\000e\000n\000e\000r\000o\000v\000a\000n\000i\000a}{chapter.3}% 16
\BOOKMARK [1][-]{section.3.5}{\376\377\000E\000x\000i\000s\000t\000u\000j\000\372\000c\000e\000\040\000g\000e\000n\000e\000r\000\341\000t\000o\000r\000y}{chapter.3}% 17
\BOOKMARK [1][-]{section.3.6}{\376\377\000K\000o\000m\000u\000\040\000s\000e\000\040\000p\000\355\001\141\000e\000\040\000d\000i\000p\000l\000o\000m\000k\000a}{chapter.3}% 18
\BOOKMARK [1][-]{section.3.7}{\376\377\000S\000t\000r\000u\000k\000t\000u\000r\000a\000\040\000d\000i\000p\000l\000o\000m\000o\000v\000\351\000\040\000p\000r\000\341\000c\000e\000\040\040\023\000\040\000P\001\033\000t\000\040\000k\000a\000p\000i\000t\000o\000l}{chapter.3}% 19
\BOOKMARK [1][-]{section.3.8}{\376\377\000D\000i\000p\000l\000o\000m\000k\000a\000\040\040\023\000\040\000k\000o\000m\000i\000k\000s\000o\000v\000\341\000\040\000e\000d\000i\000c\000e}{chapter.3}% 20
\BOOKMARK [1][-]{section.3.9}{\376\377\000J\000a\000k\000\040\000p\000o\000j\000m\000e\000n\000o\000v\000a\000t\000\040\000k\000a\000p\000i\000t\000o\000l\000y}{chapter.3}% 21
\BOOKMARK [1][-]{section.3.10}{\376\377\000O\000b\000e\000c\000n\000\351\000\040\000r\000a\000d\000y\000\040\000z\000k\000u\001\141\000e\000n\000\375\000c\000h\000\040\000v\000e\000d\000o\000u\000c\000\355\000c\000h}{chapter.3}% 22
\BOOKMARK [0][-]{chapter.4}{\376\377\000Z\000\341\000v\001\033\000r}{}% 23
\BOOKMARK [0][-]{chapter*.35}{\376\377\000L\000i\000t\000e\000r\000a\000t\000\372\000r\000a}{}% 24
\BOOKMARK [0][-]{appendix.A}{\376\377\000J\000a\000k\000\040\000p\000r\000a\000c\000o\000v\000a\000t\000\040\000s\000\040\000t\000o\000u\000t\000o\000\040\001\141\000a\000b\000l\000o\000n\000o\000u}{}% 25
\BOOKMARK [0][-]{appendix.B}{\376\377\000P\000s\000a\000n\000\355\000\040\000a\000n\000g\000l\000i\000c\000k\000\351\000h\000o\000\040\000t\000e\000x\000t\000u}{}% 26
\BOOKMARK [0][-]{appendix.C}{\376\377\000C\000h\000e\000c\000k\000l\000i\000s\000t}{}% 27
\BOOKMARK [0][-]{appendix.D}{\376\377\000L\000a\000T\000e\000X\000p\000r\000o\000\040\000z\000a\001\015\000\341\000t\000e\001\015\000n\000\355\000k\000y}{}% 28
